c:\users\ankita\documents\visual studio 2013\projects\ood_ankita_project3\debug\vc120.pdb
c:\users\ankita\documents\visual studio 2013\projects\ood_ankita_project3\debug\vc120.idb
c:\users\ankita\documents\visual studio 2013\projects\ood_ankita_project3\debug\apphelpers.obj
c:\users\ankita\documents\visual studio 2013\projects\ood_ankita_project3\debug\client.obj
c:\users\ankita\documents\visual studio 2013\projects\ood_ankita_project3\debug\cpp11_blockingqueue.obj
c:\users\ankita\documents\visual studio 2013\projects\ood_ankita_project3\debug\executive.obj
c:\users\ankita\documents\visual studio 2013\projects\ood_ankita_project3\debug\filesystem.obj
c:\users\ankita\documents\visual studio 2013\projects\ood_ankita_project3\debug\messagehandler.obj
c:\users\ankita\documents\visual studio 2013\projects\ood_ankita_project3\debug\receiver.obj
c:\users\ankita\documents\visual studio 2013\projects\ood_ankita_project3\debug\sender.obj
c:\users\ankita\documents\visual studio 2013\projects\ood_ankita_project3\debug\server.obj
c:\users\ankita\documents\visual studio 2013\projects\ood_ankita_project3\debug\sockets.obj
c:\users\ankita\documents\visual studio 2013\projects\ood_ankita_project3\debug\windowshelpers.obj
c:\users\ankita\documents\visual studio 2013\projects\ood_ankita_project3\debug\executive.ilk
c:\users\ankita\documents\visual studio 2013\projects\ood_ankita_project3\debug\executive.exe
c:\users\ankita\documents\visual studio 2013\projects\ood_ankita_project3\debug\executive.pdb
c:\users\ankita\desktop\ood_proj3_final_ankita\ood_ankita_project3\debug\apphelpers.obj
c:\users\ankita\desktop\ood_proj3_final_ankita\ood_ankita_project3\debug\client.obj
c:\users\ankita\desktop\ood_proj3_final_ankita\ood_ankita_project3\debug\cpp11_blockingqueue.obj
c:\users\ankita\desktop\ood_proj3_final_ankita\ood_ankita_project3\debug\executive.obj
c:\users\ankita\desktop\ood_proj3_final_ankita\ood_ankita_project3\debug\filesystem.obj
c:\users\ankita\desktop\ood_proj3_final_ankita\ood_ankita_project3\debug\messagehandler.obj
c:\users\ankita\desktop\ood_proj3_final_ankita\ood_ankita_project3\debug\receiver.obj
c:\users\ankita\desktop\ood_proj3_final_ankita\ood_ankita_project3\debug\sender.obj
c:\users\ankita\desktop\ood_proj3_final_ankita\ood_ankita_project3\debug\server.obj
c:\users\ankita\desktop\ood_proj3_final_ankita\ood_ankita_project3\debug\sockets.obj
c:\users\ankita\desktop\ood_proj3_final_ankita\ood_ankita_project3\debug\windowshelpers.obj
c:\users\ankita\desktop\ood_proj3_final_ankita\ood_ankita_project3\debug\executive.ilk
c:\users\ankita\desktop\ood_proj3_final_ankita\ood_ankita_project3\debug\vc120.idb
c:\users\ankita\desktop\ood_proj3_final_ankita\ood_ankita_project3\debug\executive.pdb
c:\users\ankita\desktop\ood_proj3_final_ankita\ood_ankita_project3\debug\vc120.pdb
c:\users\ankita\desktop\ood_proj3_final_ankita\ood_ankita_project3\debug\executive.exe
c:\users\ankita\desktop\ood_proj3_final_ankita\ood_ankita_project3\debug\executive.tlog\cl.command.1.tlog
c:\users\ankita\desktop\ood_proj3_final_ankita\ood_ankita_project3\debug\executive.tlog\cl.read.1.tlog
c:\users\ankita\desktop\ood_proj3_final_ankita\ood_ankita_project3\debug\executive.tlog\cl.write.1.tlog
c:\users\ankita\desktop\ood_proj3_final_ankita\ood_ankita_project3\debug\executive.tlog\link.command.1.tlog
c:\users\ankita\desktop\ood_proj3_final_ankita\ood_ankita_project3\debug\executive.tlog\link.read.1.tlog
c:\users\ankita\desktop\ood_proj3_final_ankita\ood_ankita_project3\debug\executive.tlog\link.write.1.tlog
