Build started 4/15/2015 10:55:20 PM.
     1>Project "C:\Users\ankita\Desktop\OOD_PROJ3_FINAL_ANKITA\OOD_Ankita_Project3\OOD_Ankita_Project3.vcxproj" on node 4 (Rebuild target(s)).
     1>ClCompile:
         C:\Program Files (x86)\Microsoft Visual Studio 12.0\VC\bin\CL.exe /c /ZI /nologo /W3 /WX- /sdl /Od /Oy- /D _MBCS /D _MBCS /D TEST_EXECUTIVE /Gm /EHsc /RTC1 /MDd /GS /fp:precise /Zc:wchar_t /Zc:forScope /Fo"Debug\\" /Fd"Debug\vc120.pdb" /Gd /TP /analyze- /errorReport:prompt "Application Helpers\AppHelpers.cpp" Client\Client.cpp Cpp11_BlockingQueue\Cpp11_BlockingQueue.cpp Executive.cpp FileSystem\FileSystem.cpp "Message Handler\MessageHandler.cpp" Receiver\Receiver.cpp Sender\Sender.cpp Server\Server.cpp Sockets\Sockets.cpp WindowsHelpers\WindowsHelpers.cpp
         WindowsHelpers.cpp
         Sockets.cpp
         Server.cpp
         Sender.cpp
         Receiver.cpp
         MessageHandler.cpp
         FileSystem.cpp
         Executive.cpp
         Cpp11_BlockingQueue.cpp
         Client.cpp
         AppHelpers.cpp
         Generating Code...
       Link:
         C:\Program Files (x86)\Microsoft Visual Studio 12.0\VC\bin\link.exe /ERRORREPORT:PROMPT /OUT:"C:\Users\ankita\Desktop\OOD_PROJ3_FINAL_ANKITA\OOD_Ankita_Project3\Debug\Executive.exe" /INCREMENTAL /NOLOGO kernel32.lib user32.lib gdi32.lib winspool.lib comdlg32.lib advapi32.lib shell32.lib ole32.lib oleaut32.lib uuid.lib odbc32.lib odbccp32.lib /MANIFEST /MANIFESTUAC:"level='asInvoker' uiAccess='false'" /manifest:embed /DEBUG /PDB:"C:\Users\ankita\Desktop\OOD_PROJ3_FINAL_ANKITA\OOD_Ankita_Project3\Debug\Executive.pdb" /SUBSYSTEM:CONSOLE /TLBID:1 /DYNAMICBASE /NXCOMPAT /IMPLIB:"C:\Users\ankita\Desktop\OOD_PROJ3_FINAL_ANKITA\OOD_Ankita_Project3\Debug\Executive.lib" /MACHINE:X86 Debug\AppHelpers.obj
         Debug\Client.obj
         Debug\Cpp11_BlockingQueue.obj
         Debug\Executive.obj
         Debug\FileSystem.obj
         Debug\MessageHandler.obj
         Debug\Receiver.obj
         Debug\Sender.obj
         Debug\Server.obj
         Debug\Sockets.obj
         Debug\WindowsHelpers.obj
         OOD_Ankita_Project3.vcxproj -> C:\Users\ankita\Desktop\OOD_PROJ3_FINAL_ANKITA\OOD_Ankita_Project3\Debug\Executive.exe
     1>Done Building Project "C:\Users\ankita\Desktop\OOD_PROJ3_FINAL_ANKITA\OOD_Ankita_Project3\OOD_Ankita_Project3.vcxproj" (Rebuild target(s)).

Build succeeded.

Time Elapsed 00:00:09.99
